Staring at 3
Cities visit order: 
3 2 5 7 10 12 15 16 6 18 13 14 17 11 1 8 9 4
Cities not visited:
none

Staring at 3
Cities visit order: 
3 2 5 7 10 12 15 16 6 18 13 14 17 11 1 8 9 4
Cities not visited:
none

Staring at 5
Cities visit order: 
5 3 7 12 13 14 17 2 10 15 16 11 8 9 6 18 1 4
Cities not visited:
none

Staring at 19
Cities visit order:
19 
Cities not visited:
1 2 3 4 5 6 7 8 9 10 11 12 13 14 15 16 17 18

Staring at 8
Cities visit order:
8 13 15 5 7 14 17 1 2 3 16 18 12 9 11 6 10 4
Cities not visited:
19 20 21 22
