Case 1: 0.56766 0.28325
Case 2: 2.41628 1.20284
Case 3: 466.32121 207.52744
Case 4: 0.63331 0.31574
Case 5: 4.83057 2.40653
Case 6: 1.58145 0.78904
Case 7: 30.66932 15.14776
Case 8: 1596.70750 445.10636
Case 9: 10.10353 5.03451
Case 10: 47.12562 22.63173
Case 11: 31.93752 15.77413
Case 12: 169.25280 80.49710
Case 13: 352.09687 156.69406
Case 14: 11.17311 5.57277
Case 15: 8.92382 4.44832
Case 16: 2.04984 1.02142
Case 17: 31.53542 15.59523
Case 18: 102.60880 49.89695
Case 19: 92.04951 45.09728
Case 20: 86.54949 41.86174
Case 21: 11.20233 5.58863
Case 22: 6.76531 3.35947
Case 23: 6.23529 3.11207
Case 24: 8.12518 4.05305
Case 25: 0.93745 0.46744
Case 26: 2686.46495 748.89273
Case 27: 0.63265 0.31578
Case 28: 15.73734 7.84014
Case 29: 3.07499 1.53421
Case 30: 47.44846 23.16973
Case 31: 15.58166 7.76258
Case 32: 0.71678 0.35518
Case 33: 18.41509 9.15768
Case 34: 2.81279 1.40309
Case 35: 0.08463 0.03561
Case 36: 3.64018 1.81669
Case 37: 5.46928 2.71737
Case 38: 12.22117 6.08971
Case 39: 17.14129 8.53957
Case 40: 1.75875 0.87709
Case 41: 105.50621 51.52011
Case 42: 225.77985 107.38152
Case 43: 10.33449 5.15234
Case 44: 15.53578 7.71464
Case 45: 1.03501 0.51584
Case 46: 20.76759 10.32755
Case 47: 43.39928 21.48542
Case 48: 11.20818 5.58877
Case 49: 0.61197 0.30546
Case 50: 22.65161 11.18777
