47 53 59
151 157 163
167 173 179
199 211 223
251 257 263 269
367 373 379
557 563 569
587 593 599
601 607 613
647 653 659
727 733 739
941 947 953
971 977 983
367 373 379
557 563 569
587 593 599
601 607 613
647 653 659
727 733 739
941 947 953
971 977 983
1097 1103 1109
1117 1123 1129
1181 1187 1193
1217 1223 1229
1361 1367 1373
1499 1511 1523
1741 1747 1753 1759
1901 1907 1913
2281 2287 2293
2411 2417 2423
2671 2677 2683
2897 2903 2909
2957 2963 2969
3301 3307 3313 3319
3631 3637 3643
3727 3733 3739
4007 4013 4019
4397 4409 4421
4451 4457 4463
4591 4597 4603
4651 4657 4663
4679 4691 4703
4987 4993 4999
5101 5107 5113 5119
5297 5303 5309
5381 5387 5393 5399
5557 5563 5569
5801 5807 5813
6067 6073 6079
6257 6263 6269
6311 6317 6323 6329
6361 6367 6373 6379
6857 6863 6869
6971 6977 6983
7517 7523 7529
7577 7583 7589
7817 7823 7829
7829 7841 7853
8111 8117 8123
8707 8713 8719
8741 8747 8753
9391 9397 9403
9467 9473 9479
9859 9871 9883
10247 10253 10259
10601 10607 10613
10651 10657 10663
10847 10853 10859
11287 11299 11311
11399 11411 11423
11491 11497 11503
11719 11731 11743
11801 11807 11813
11897 11903 11909
11927 11933 11939
12491 12497 12503
12541 12547 12553
12577 12583 12589
12641 12647 12653 12659
12829 12841 12853
12967 12973 12979
13037 13043 13049
13171 13177 13183
13451 13457 13463 13469
14537 14543 14549
14741 14747 14753 14759
15149 15161 15173
15187 15193 15199
15307 15313 15319
15461 15467 15473
15761 15767 15773
15791 15797 15803 15809
15901 15907 15913 15919
16091 16097 16103
16217 16223 16229
16421 16427 16433
16481 16487 16493
16561 16567 16573
16607 16619 16631
16763 16787 16811
16931 16937 16943
16981 16987 16993
17041 17047 17053
17321 17327 17333
17419 17431 17443
17471 17477 17483 17489
17839 17851 17863
18211 18217 18223 18229
18329 18341 18353
18427 18433 18439
18719 18731 18743
19457 19463 19469
19471 19477 19483 19489
19571 19577 19583
19597 19603 19609
19727 19739 19751
47 53 59
3 5 7
