.00000005148554641076956121994511276767154838481760200726351203835429763013462401
43992025569.928573701266488041146654993318703707511666295476720493953024
29448126.764121021618164430206909037173276672
90429072743629540498.107596019456651774561044010001
1.126825030131969720661201
15193155674815.377005537764955360017164668212890625
25698782981643620214314786416023329838595579.0928825438022613525390625
226158829073811437247394768312850452817206.6296329714176241835761251
57146773824821762496186.589983719931848418594816
78729367044337105142.988525390625
214069165671055432139877230444295504413346.257721291537562058258324846025015134879288663833258718654365838107501125001
1072932971858188749945118024294780787986231382838793868350008433732342721419083499.341165999342580553377297093485010092218696744734870093775633431688789949634684103853719081175581415793982282534465947946004030722439973865735267449
806044978754768517384492372943579852615791820588321035311951120025375676955177630810348323.608872887663857521977826827781239719092388718992053594527722287940727863557001956171602926783948132907045594171735901226285753257951232
516927584984638246338075933257192138954830175480696454509768138788005197864311801081319197247419464882927.118478385741854041601815702410714948193331992390609130758759198903949279100094362777919866290329474860088815287934325018619667700014874251855061442948759177292419804161
21436579699359822239205310822686478720404240599096.3208536462720845272675377977026881277561187744140625
.0000000000000000000000000000000000000000000000000000000000000000000000000000000000000000000000000001
.000060642755569251721051825347145284750598352016699053900641
.0000008485649735849164835943080024238524951582741242891380012195421492829902854340909750771694592391848469687435264
.033944628372709327211694136232914197373671451182401771908085395655501194110174802443849856016086259451521
.85455
3083.448003875
