3.0000
0.5000 1.0000 2.0000
0.0000
1000000.0000
-1.0000 1000000.0000
-705.0000 -1.0384 1.4273
700.0000
-0.5936 0.3755 188.0000
-48.0000 -1.5027 0.6145
166.0000
443.0000
-792.0000
767.0000
-135.0000 -1.7103 0.4281
-444.0000
-42.0000 -1.3333 0.8404
0.8696 0.8750 71.0000
-0.8764 6.6250 8.0000
-2.2308 -1.0000 0.6327
-0.5114 1.1111 62.0000
-0.5165 0.3118 70.0000
-2.0526 -1.3333 22.0000
-0.9714 -0.6286 14.0000
-63.0000 -0.1412 1.6552
-30.0000 -3.1667 -0.2500
25.0000
0.0000
32.0000
-13.0000
-26.0000
35.0000
-26.0000
98.0000
-46.0000
-94.0000
-2.6364 51.0000
-19.0000 -2.0526
-1.0617 25.0000
-12.0000 -3.4138
-84.0000 -0.0294
-1.9130 34.0000
-18.0000 1.1892
-85.0000 0.0508
-35.0000 0.1139
-1.0000 88.0000
